2024/04/18 07:32:55 [warn] 1#1: conflicting server name "localhost" on 0.0.0.0:80, ignored
2024/04/18 07:32:55 [warn] 1#1: conflicting server name "localhost" on 0.0.0.0:80, ignored
2024/04/18 07:32:55 [notice] 1#1: using the "epoll" event method
2024/04/18 07:32:55 [notice] 1#1: nginx/1.25.4
2024/04/18 07:32:55 [notice] 1#1: built by gcc 12.2.1 20220924 (Alpine 12.2.1_git20220924-r10) 
2024/04/18 07:32:55 [notice] 1#1: OS: Linux 5.10.102.1-microsoft-standard-WSL2
2024/04/18 07:32:55 [notice] 1#1: getrlimit(RLIMIT_NOFILE): 1048576:1048576
2024/04/18 07:32:55 [notice] 1#1: using the "epoll" event method
2024/04/18 07:32:55 [notice] 1#1: start worker processes
2024/04/18 07:32:55 [notice] 1#1: nginx/1.25.4
2024/04/18 07:32:55 [notice] 1#1: built by gcc 12.2.1 20220924 (Alpine 12.2.1_git20220924-r10) 
2024/04/18 07:32:55 [notice] 1#1: OS: Linux 5.10.102.1-microsoft-standard-WSL2
2024/04/18 07:32:55 [notice] 1#1: getrlimit(RLIMIT_NOFILE): 1048576:1048576
2024/04/18 07:32:55 [notice] 1#1: start worker process 30
2024/04/18 07:32:55 [notice] 1#1: start worker process 31
2024/04/18 07:32:55 [notice] 1#1: start worker processes
2024/04/18 07:32:55 [notice] 1#1: start worker process 32
2024/04/18 07:32:55 [notice] 1#1: start worker process 30
2024/04/18 07:32:55 [notice] 1#1: start worker process 31
2024/04/18 07:32:55 [notice] 1#1: start worker process 32
2024/04/18 07:32:55 [notice] 1#1: start worker process 33
2024/04/18 07:32:55 [notice] 1#1: start worker process 34
2024/04/18 07:32:55 [notice] 1#1: start worker process 35
2024/04/18 07:32:55 [notice] 1#1: start worker process 36
2024/04/18 07:32:55 [notice] 1#1: start worker process 33
2024/04/18 07:32:55 [notice] 1#1: start worker process 37
2024/04/18 07:32:55 [notice] 1#1: start worker process 34
2024/04/18 07:32:55 [notice] 1#1: start worker process 35
2024/04/18 07:32:55 [notice] 1#1: start worker process 36
2024/04/18 07:32:55 [notice] 1#1: start worker process 37
2024/04/18 07:37:59 [notice] 1#1: signal 3 (SIGQUIT) received, shutting down
2024/04/18 07:37:59 [notice] 1#1: signal 3 (SIGQUIT) received, shutting down
2024/04/18 07:37:59 [notice] 31#31: gracefully shutting down
2024/04/18 07:37:59 [notice] 30#30: gracefully shutting down
2024/04/18 07:37:59 [notice] 30#30: gracefully shutting down
2024/04/18 07:37:59 [notice] 32#32: gracefully shutting down
2024/04/18 07:37:59 [notice] 31#31: exiting
2024/04/18 07:37:59 [notice] 32#32: exiting
2024/04/18 07:37:59 [notice] 31#31: gracefully shutting down
2024/04/18 07:37:59 [notice] 37#37: gracefully shutting down
2024/04/18 07:37:59 [notice] 36#36: gracefully shutting down
2024/04/18 07:37:59 [notice] 30#30: exiting
2024/04/18 07:37:59 [notice] 34#34: gracefully shutting down
2024/04/18 07:37:59 [notice] 33#33: gracefully shutting down
2024/04/18 07:37:59 [notice] 30#30: exit
2024/04/18 07:37:59 [notice] 31#31: exit
2024/04/18 07:37:59 [notice] 33#33: gracefully shutting down
2024/04/18 07:37:59 [notice] 32#32: exit
2024/04/18 07:37:59 [notice] 36#36: gracefully shutting down
2024/04/18 07:37:59 [notice] 32#32: gracefully shutting down
2024/04/18 07:37:59 [notice] 33#33: exiting
2024/04/18 07:37:59 [notice] 34#34: exiting
2024/04/18 07:37:59 [notice] 35#35: gracefully shutting down
2024/04/18 07:37:59 [notice] 34#34: gracefully shutting down
2024/04/18 07:37:59 [notice] 37#37: gracefully shutting down
2024/04/18 07:37:59 [notice] 35#35: gracefully shutting down
2024/04/18 07:37:59 [notice] 36#36: exiting
2024/04/18 07:37:59 [notice] 35#35: exiting
2024/04/18 07:37:59 [notice] 33#33: exiting
2024/04/18 07:37:59 [notice] 33#33: exit
2024/04/18 07:37:59 [notice] 35#35: exit
2024/04/18 07:37:59 [notice] 34#34: exit
2024/04/18 07:37:59 [notice] 35#35: exiting
2024/04/18 07:37:59 [notice] 37#37: exiting
2024/04/18 07:37:59 [notice] 36#36: exit
2024/04/18 07:37:59 [notice] 30#30: exiting
2024/04/18 07:37:59 [notice] 37#37: exit
2024/04/18 07:37:59 [notice] 31#31: exiting
2024/04/18 07:37:59 [notice] 37#37: exiting
2024/04/18 07:37:59 [notice] 36#36: exiting
2024/04/18 07:37:59 [notice] 32#32: exiting
2024/04/18 07:37:59 [notice] 34#34: exiting
2024/04/18 07:37:59 [notice] 31#31: exit
2024/04/18 07:37:59 [notice] 30#30: exit
2024/04/18 07:37:59 [notice] 35#35: exit
2024/04/18 07:37:59 [notice] 33#33: exit
2024/04/18 07:37:59 [notice] 37#37: exit
2024/04/18 07:37:59 [notice] 36#36: exit
2024/04/18 07:37:59 [notice] 32#32: exit
2024/04/18 07:37:59 [notice] 34#34: exit
2024/04/18 07:37:59 [notice] 1#1: signal 17 (SIGCHLD) received from 31
2024/04/18 07:37:59 [notice] 1#1: worker process 31 exited with code 0
2024/04/18 07:37:59 [notice] 1#1: worker process 32 exited with code 0
2024/04/18 07:37:59 [notice] 1#1: worker process 34 exited with code 0
2024/04/18 07:37:59 [notice] 1#1: signal 29 (SIGIO) received
2024/04/18 07:37:59 [notice] 1#1: signal 17 (SIGCHLD) received from 30
2024/04/18 07:37:59 [notice] 1#1: worker process 30 exited with code 0
2024/04/18 07:37:59 [notice] 1#1: worker process 33 exited with code 0
2024/04/18 07:37:59 [notice] 1#1: signal 29 (SIGIO) received
2024/04/18 07:37:59 [notice] 1#1: signal 17 (SIGCHLD) received from 33
2024/04/18 07:37:59 [notice] 1#1: signal 17 (SIGCHLD) received from 32
2024/04/18 07:37:59 [notice] 1#1: worker process 32 exited with code 0
2024/04/18 07:37:59 [notice] 1#1: signal 29 (SIGIO) received
2024/04/18 07:37:59 [notice] 1#1: signal 17 (SIGCHLD) received from 35
2024/04/18 07:37:59 [notice] 1#1: signal 17 (SIGCHLD) received from 35
2024/04/18 07:37:59 [notice] 1#1: worker process 30 exited with code 0
2024/04/18 07:37:59 [notice] 1#1: worker process 35 exited with code 0
2024/04/18 07:37:59 [notice] 1#1: worker process 31 exited with code 0
2024/04/18 07:37:59 [notice] 1#1: worker process 37 exited with code 0
2024/04/18 07:37:59 [notice] 1#1: worker process 33 exited with code 0
2024/04/18 07:37:59 [notice] 1#1: signal 29 (SIGIO) received
2024/04/18 07:37:59 [notice] 1#1: signal 17 (SIGCHLD) received from 37
2024/04/18 07:37:59 [notice] 1#1: worker process 34 exited with code 0
2024/04/18 07:37:59 [notice] 1#1: worker process 35 exited with code 0
2024/04/18 07:37:59 [notice] 1#1: worker process 37 exited with code 0
2024/04/18 07:37:59 [notice] 1#1: signal 29 (SIGIO) received
2024/04/18 07:37:59 [notice] 1#1: signal 17 (SIGCHLD) received from 34
2024/04/18 07:38:00 [notice] 1#1: signal 17 (SIGCHLD) received from 36
2024/04/18 07:38:00 [notice] 1#1: worker process 36 exited with code 0
2024/04/18 07:38:00 [notice] 1#1: exit
2024/04/18 07:38:00 [notice] 1#1: signal 17 (SIGCHLD) received from 36
2024/04/18 07:38:00 [notice] 1#1: worker process 36 exited with code 0
2024/04/18 07:38:00 [notice] 1#1: exit
2024/04/18 07:44:42 [warn] 1#1: conflicting server name "localhost" on 0.0.0.0:80, ignored
2024/04/18 07:44:42 [notice] 1#1: using the "epoll" event method
2024/04/18 07:44:42 [notice] 1#1: nginx/1.25.4
2024/04/18 07:44:42 [notice] 1#1: built by gcc 12.2.1 20220924 (Alpine 12.2.1_git20220924-r10) 
2024/04/18 07:44:42 [notice] 1#1: OS: Linux 5.10.102.1-microsoft-standard-WSL2
2024/04/18 07:44:42 [notice] 1#1: getrlimit(RLIMIT_NOFILE): 1048576:1048576
2024/04/18 07:44:42 [notice] 1#1: start worker processes
2024/04/18 07:44:42 [notice] 1#1: start worker process 22
2024/04/18 07:44:42 [notice] 1#1: start worker process 23
2024/04/18 07:44:42 [notice] 1#1: start worker process 24
2024/04/18 07:44:42 [notice] 1#1: start worker process 25
2024/04/18 07:44:42 [notice] 1#1: start worker process 26
2024/04/18 07:44:42 [notice] 1#1: start worker process 27
2024/04/18 07:44:42 [notice] 1#1: start worker process 28
2024/04/18 07:44:42 [notice] 1#1: start worker process 29
2024/04/18 07:44:43 [warn] 1#1: conflicting server name "localhost" on 0.0.0.0:80, ignored
2024/04/18 07:44:43 [notice] 1#1: using the "epoll" event method
2024/04/18 07:44:43 [notice] 1#1: nginx/1.25.4
2024/04/18 07:44:43 [notice] 1#1: built by gcc 12.2.1 20220924 (Alpine 12.2.1_git20220924-r10) 
2024/04/18 07:44:43 [notice] 1#1: OS: Linux 5.10.102.1-microsoft-standard-WSL2
2024/04/18 07:44:43 [notice] 1#1: getrlimit(RLIMIT_NOFILE): 1048576:1048576
2024/04/18 07:44:43 [notice] 1#1: start worker processes
2024/04/18 07:44:43 [notice] 1#1: start worker process 22
2024/04/18 07:44:43 [notice] 1#1: start worker process 23
2024/04/18 07:44:43 [notice] 1#1: start worker process 24
2024/04/18 07:44:43 [notice] 1#1: start worker process 25
2024/04/18 07:44:43 [notice] 1#1: start worker process 26
2024/04/18 07:44:43 [notice] 1#1: start worker process 27
2024/04/18 07:44:43 [notice] 1#1: start worker process 28
2024/04/18 07:44:43 [notice] 1#1: start worker process 29
2024/04/18 08:03:43 [notice] 1#1: signal 3 (SIGQUIT) received, shutting down
2024/04/18 08:03:43 [notice] 23#23: gracefully shutting down
2024/04/18 08:03:43 [notice] 22#22: gracefully shutting down
2024/04/18 08:03:43 [notice] 25#25: gracefully shutting down
2024/04/18 08:03:43 [notice] 24#24: gracefully shutting down
2024/04/18 08:03:43 [notice] 26#26: gracefully shutting down
2024/04/18 08:03:43 [notice] 28#28: gracefully shutting down
2024/04/18 08:03:43 [notice] 27#27: gracefully shutting down
2024/04/18 08:03:43 [notice] 29#29: gracefully shutting down
2024/04/18 08:03:43 [notice] 23#23: exiting
2024/04/18 08:03:43 [notice] 22#22: exiting
2024/04/18 08:03:43 [notice] 25#25: exiting
2024/04/18 08:03:43 [notice] 24#24: exiting
2024/04/18 08:03:43 [notice] 26#26: exiting
2024/04/18 08:03:43 [notice] 24#24: exit
2024/04/18 08:03:43 [notice] 28#28: exiting
2024/04/18 08:03:43 [notice] 28#28: exit
2024/04/18 08:03:43 [notice] 27#27: exiting
2024/04/18 08:03:43 [notice] 29#29: exiting
2024/04/18 08:03:43 [notice] 23#23: exit
2024/04/18 08:03:43 [notice] 22#22: exit
2024/04/18 08:03:43 [notice] 25#25: exit
2024/04/18 08:03:43 [notice] 26#26: exit
2024/04/18 08:03:43 [notice] 27#27: exit
2024/04/18 08:03:43 [notice] 29#29: exit
2024/04/18 08:03:44 [notice] 1#1: signal 3 (SIGQUIT) received, shutting down
2024/04/18 08:03:44 [notice] 22#22: gracefully shutting down
2024/04/18 08:03:44 [notice] 23#23: gracefully shutting down
2024/04/18 08:03:44 [notice] 24#24: gracefully shutting down
2024/04/18 08:03:44 [notice] 25#25: gracefully shutting down
2024/04/18 08:03:44 [notice] 25#25: exiting
2024/04/18 08:03:44 [notice] 26#26: gracefully shutting down
2024/04/18 08:03:44 [notice] 28#28: gracefully shutting down
2024/04/18 08:03:44 [notice] 29#29: gracefully shutting down
2024/04/18 08:03:44 [notice] 27#27: gracefully shutting down
2024/04/18 08:03:44 [notice] 22#22: exiting
2024/04/18 08:03:44 [notice] 23#23: exiting
2024/04/18 08:03:44 [notice] 24#24: exiting
2024/04/18 08:03:44 [notice] 23#23: exit
2024/04/18 08:03:44 [notice] 26#26: exiting
2024/04/18 08:03:44 [notice] 25#25: exit
2024/04/18 08:03:44 [notice] 28#28: exiting
2024/04/18 08:03:44 [notice] 29#29: exiting
2024/04/18 08:03:44 [notice] 27#27: exiting
2024/04/18 08:03:44 [notice] 22#22: exit
2024/04/18 08:03:44 [notice] 27#27: exit
2024/04/18 08:03:44 [notice] 24#24: exit
2024/04/18 08:03:44 [notice] 26#26: exit
2024/04/18 08:03:44 [notice] 28#28: exit
2024/04/18 08:03:44 [notice] 29#29: exit
2024/04/18 08:03:44 [notice] 1#1: signal 17 (SIGCHLD) received from 28
2024/04/18 08:03:44 [notice] 1#1: signal 17 (SIGCHLD) received from 25
2024/04/18 08:03:44 [notice] 1#1: worker process 22 exited with code 0
2024/04/18 08:03:44 [notice] 1#1: worker process 25 exited with code 0
2024/04/18 08:03:44 [notice] 1#1: worker process 24 exited with code 0
2024/04/18 08:03:44 [notice] 1#1: worker process 25 exited with code 0
2024/04/18 08:03:44 [notice] 1#1: signal 29 (SIGIO) received
2024/04/18 08:03:44 [notice] 1#1: worker process 26 exited with code 0
2024/04/18 08:03:44 [notice] 1#1: worker process 28 exited with code 0
2024/04/18 08:03:44 [notice] 1#1: signal 29 (SIGIO) received
2024/04/18 08:03:44 [notice] 1#1: signal 17 (SIGCHLD) received from 22
2024/04/18 08:03:44 [notice] 1#1: signal 17 (SIGCHLD) received from 27
2024/04/18 08:03:44 [notice] 1#1: worker process 27 exited with code 0
2024/04/18 08:03:44 [notice] 1#1: signal 29 (SIGIO) received
2024/04/18 08:03:44 [notice] 1#1: signal 17 (SIGCHLD) received from 29
2024/04/18 08:03:44 [notice] 1#1: signal 17 (SIGCHLD) received from 27
2024/04/18 08:03:44 [notice] 1#1: worker process 23 exited with code 0
2024/04/18 08:03:44 [notice] 1#1: worker process 23 exited with code 0
2024/04/18 08:03:44 [notice] 1#1: worker process 29 exited with code 0
2024/04/18 08:03:44 [notice] 1#1: worker process 27 exited with code 0
2024/04/18 08:03:44 [notice] 1#1: exit
2024/04/18 08:03:44 [notice] 1#1: signal 29 (SIGIO) received
2024/04/18 08:03:44 [notice] 1#1: signal 17 (SIGCHLD) received from 22
2024/04/18 08:03:44 [notice] 1#1: worker process 22 exited with code 0
2024/04/18 08:03:44 [notice] 1#1: worker process 24 exited with code 0
2024/04/18 08:03:44 [notice] 1#1: worker process 26 exited with code 0
2024/04/18 08:03:44 [notice] 1#1: worker process 28 exited with code 0
2024/04/18 08:03:44 [notice] 1#1: signal 29 (SIGIO) received
2024/04/18 08:03:44 [notice] 1#1: signal 17 (SIGCHLD) received from 28
2024/04/18 08:03:44 [notice] 1#1: signal 17 (SIGCHLD) received from 29
2024/04/18 08:03:44 [notice] 1#1: worker process 29 exited with code 0
2024/04/18 08:03:44 [notice] 1#1: exit
2024/04/18 08:04:02 [warn] 1#1: conflicting server name "localhost" on 0.0.0.0:80, ignored
2024/04/18 08:04:02 [notice] 1#1: using the "epoll" event method
2024/04/18 08:04:02 [notice] 1#1: nginx/1.25.4
2024/04/18 08:04:02 [notice] 1#1: built by gcc 12.2.1 20220924 (Alpine 12.2.1_git20220924-r10) 
2024/04/18 08:04:02 [notice] 1#1: OS: Linux 5.10.102.1-microsoft-standard-WSL2
2024/04/18 08:04:02 [notice] 1#1: getrlimit(RLIMIT_NOFILE): 1048576:1048576
2024/04/18 08:04:02 [notice] 1#1: start worker processes
2024/04/18 08:04:02 [notice] 1#1: start worker process 22
2024/04/18 08:04:02 [notice] 1#1: start worker process 23
2024/04/18 08:04:02 [notice] 1#1: start worker process 24
2024/04/18 08:04:02 [notice] 1#1: start worker process 25
2024/04/18 08:04:02 [notice] 1#1: start worker process 26
2024/04/18 08:04:02 [notice] 1#1: start worker process 27
2024/04/18 08:04:02 [notice] 1#1: start worker process 28
2024/04/18 08:04:02 [notice] 1#1: start worker process 29
2024/04/18 08:04:02 [warn] 1#1: conflicting server name "localhost" on 0.0.0.0:80, ignored
2024/04/18 08:04:02 [notice] 1#1: using the "epoll" event method
2024/04/18 08:04:02 [notice] 1#1: nginx/1.25.4
2024/04/18 08:04:02 [notice] 1#1: built by gcc 12.2.1 20220924 (Alpine 12.2.1_git20220924-r10) 
2024/04/18 08:04:02 [notice] 1#1: OS: Linux 5.10.102.1-microsoft-standard-WSL2
2024/04/18 08:04:02 [notice] 1#1: getrlimit(RLIMIT_NOFILE): 1048576:1048576
2024/04/18 08:04:02 [notice] 1#1: start worker processes
2024/04/18 08:04:02 [notice] 1#1: start worker process 23
2024/04/18 08:04:02 [notice] 1#1: start worker process 24
2024/04/18 08:04:02 [notice] 1#1: start worker process 25
2024/04/18 08:04:02 [notice] 1#1: start worker process 26
2024/04/18 08:04:02 [notice] 1#1: start worker process 27
2024/04/18 08:04:02 [notice] 1#1: start worker process 28
2024/04/18 08:04:02 [notice] 1#1: start worker process 29
2024/04/18 08:04:02 [notice] 1#1: start worker process 30
2024/04/18 08:29:08 [notice] 1#1: signal 3 (SIGQUIT) received, shutting down
2024/04/18 08:29:08 [notice] 23#23: gracefully shutting down
2024/04/18 08:29:08 [notice] 24#24: gracefully shutting down
2024/04/18 08:29:08 [notice] 26#26: gracefully shutting down
2024/04/18 08:29:08 [notice] 25#25: gracefully shutting down
2024/04/18 08:29:08 [notice] 29#29: gracefully shutting down
2024/04/18 08:29:08 [notice] 28#28: gracefully shutting down
2024/04/18 08:29:08 [notice] 30#30: gracefully shutting down
2024/04/18 08:29:08 [notice] 27#27: gracefully shutting down
2024/04/18 08:29:08 [notice] 23#23: exiting
2024/04/18 08:29:08 [notice] 24#24: exiting
2024/04/18 08:29:08 [notice] 26#26: exiting
2024/04/18 08:29:08 [notice] 25#25: exiting
2024/04/18 08:29:08 [notice] 29#29: exiting
2024/04/18 08:29:08 [notice] 28#28: exiting
2024/04/18 08:29:08 [notice] 30#30: exiting
2024/04/18 08:29:08 [notice] 27#27: exiting
2024/04/18 08:29:08 [notice] 23#23: exit
2024/04/18 08:29:08 [notice] 27#27: exit
2024/04/18 08:29:08 [notice] 24#24: exit
2024/04/18 08:29:08 [notice] 1#1: signal 3 (SIGQUIT) received, shutting down
2024/04/18 08:29:08 [notice] 26#26: exit
2024/04/18 08:29:08 [notice] 22#22: gracefully shutting down
2024/04/18 08:29:08 [notice] 23#23: gracefully shutting down
2024/04/18 08:29:08 [notice] 28#28: gracefully shutting down
2024/04/18 08:29:08 [notice] 25#25: gracefully shutting down
2024/04/18 08:29:08 [notice] 22#22: exiting
2024/04/18 08:29:08 [notice] 26#26: gracefully shutting down
2024/04/18 08:29:08 [notice] 27#27: gracefully shutting down
2024/04/18 08:29:08 [notice] 25#25: exit
2024/04/18 08:29:08 [notice] 29#29: exit
2024/04/18 08:29:08 [notice] 24#24: gracefully shutting down
2024/04/18 08:29:08 [notice] 29#29: gracefully shutting down
2024/04/18 08:29:08 [notice] 29#29: exiting
2024/04/18 08:29:08 [notice] 23#23: exiting
2024/04/18 08:29:08 [notice] 28#28: exit
2024/04/18 08:29:08 [notice] 30#30: exit
2024/04/18 08:29:08 [notice] 23#23: exit
2024/04/18 08:29:08 [notice] 28#28: exiting
2024/04/18 08:29:08 [notice] 25#25: exiting
2024/04/18 08:29:08 [notice] 26#26: exiting
2024/04/18 08:29:08 [notice] 25#25: exit
2024/04/18 08:29:08 [notice] 22#22: exit
2024/04/18 08:29:08 [notice] 27#27: exiting
2024/04/18 08:29:08 [notice] 24#24: exiting
2024/04/18 08:29:08 [notice] 27#27: exit
2024/04/18 08:29:08 [notice] 29#29: exit
2024/04/18 08:29:08 [notice] 28#28: exit
2024/04/18 08:29:08 [notice] 26#26: exit
2024/04/18 08:29:08 [notice] 24#24: exit
2024/04/18 08:29:08 [notice] 1#1: signal 17 (SIGCHLD) received from 30
2024/04/18 08:29:08 [notice] 1#1: signal 17 (SIGCHLD) received from 27
2024/04/18 08:29:08 [notice] 1#1: worker process 30 exited with code 0
2024/04/18 08:29:08 [notice] 1#1: worker process 27 exited with code 0
2024/04/18 08:29:08 [notice] 1#1: signal 29 (SIGIO) received
2024/04/18 08:29:08 [notice] 1#1: signal 29 (SIGIO) received
2024/04/18 08:29:08 [notice] 1#1: signal 17 (SIGCHLD) received from 29
2024/04/18 08:29:08 [notice] 1#1: signal 17 (SIGCHLD) received from 25
2024/04/18 08:29:08 [notice] 1#1: worker process 26 exited with code 0
2024/04/18 08:29:08 [notice] 1#1: worker process 23 exited with code 0
2024/04/18 08:29:08 [notice] 1#1: worker process 29 exited with code 0
2024/04/18 08:29:08 [notice] 1#1: worker process 25 exited with code 0
2024/04/18 08:29:08 [notice] 1#1: worker process 29 exited with code 0
2024/04/18 08:29:08 [notice] 1#1: signal 29 (SIGIO) received
2024/04/18 08:29:08 [notice] 1#1: signal 29 (SIGIO) received
2024/04/18 08:29:08 [notice] 1#1: signal 17 (SIGCHLD) received from 22
2024/04/18 08:29:08 [notice] 1#1: worker process 22 exited with code 0
2024/04/18 08:29:08 [notice] 1#1: worker process 26 exited with code 0
2024/04/18 08:29:08 [notice] 1#1: signal 29 (SIGIO) received
2024/04/18 08:29:08 [notice] 1#1: signal 17 (SIGCHLD) received from 26
2024/04/18 08:29:08 [notice] 1#1: signal 17 (SIGCHLD) received from 28
2024/04/18 08:29:08 [notice] 1#1: signal 17 (SIGCHLD) received from 24
2024/04/18 08:29:08 [notice] 1#1: worker process 23 exited with code 0
2024/04/18 08:29:08 [notice] 1#1: worker process 24 exited with code 0
2024/04/18 08:29:08 [notice] 1#1: worker process 28 exited with code 0
2024/04/18 08:29:08 [notice] 1#1: worker process 24 exited with code 0
2024/04/18 08:29:08 [notice] 1#1: worker process 25 exited with code 0
2024/04/18 08:29:08 [notice] 1#1: exit
2024/04/18 08:29:08 [notice] 1#1: worker process 27 exited with code 0
2024/04/18 08:29:08 [notice] 1#1: worker process 28 exited with code 0
2024/04/18 08:29:08 [notice] 1#1: exit
2024/04/18 08:29:33 [warn] 1#1: conflicting server name "localhost" on 0.0.0.0:80, ignored
2024/04/18 08:29:33 [notice] 1#1: using the "epoll" event method
2024/04/18 08:29:33 [notice] 1#1: nginx/1.25.4
2024/04/18 08:29:33 [notice] 1#1: built by gcc 12.2.1 20220924 (Alpine 12.2.1_git20220924-r10) 
2024/04/18 08:29:33 [notice] 1#1: OS: Linux 5.10.102.1-microsoft-standard-WSL2
2024/04/18 08:29:33 [notice] 1#1: getrlimit(RLIMIT_NOFILE): 1048576:1048576
2024/04/18 08:29:33 [notice] 1#1: start worker processes
2024/04/18 08:29:33 [notice] 1#1: start worker process 22
2024/04/18 08:29:33 [notice] 1#1: start worker process 23
2024/04/18 08:29:33 [notice] 1#1: start worker process 24
2024/04/18 08:29:33 [notice] 1#1: start worker process 25
2024/04/18 08:29:33 [notice] 1#1: start worker process 26
2024/04/18 08:29:33 [notice] 1#1: start worker process 27
2024/04/18 08:29:33 [notice] 1#1: start worker process 28
2024/04/18 08:29:33 [notice] 1#1: start worker process 29
2024/04/18 08:29:33 [warn] 1#1: conflicting server name "localhost" on 0.0.0.0:80, ignored
2024/04/18 08:29:33 [notice] 1#1: using the "epoll" event method
2024/04/18 08:29:33 [notice] 1#1: nginx/1.25.4
2024/04/18 08:29:33 [notice] 1#1: built by gcc 12.2.1 20220924 (Alpine 12.2.1_git20220924-r10) 
2024/04/18 08:29:33 [notice] 1#1: OS: Linux 5.10.102.1-microsoft-standard-WSL2
2024/04/18 08:29:33 [notice] 1#1: getrlimit(RLIMIT_NOFILE): 1048576:1048576
2024/04/18 08:29:33 [notice] 1#1: start worker processes
2024/04/18 08:29:33 [notice] 1#1: start worker process 22
2024/04/18 08:29:33 [notice] 1#1: start worker process 23
2024/04/18 08:29:33 [notice] 1#1: start worker process 24
2024/04/18 08:29:33 [notice] 1#1: start worker process 25
2024/04/18 08:29:33 [notice] 1#1: start worker process 26
2024/04/18 08:29:33 [notice] 1#1: start worker process 27
2024/04/18 08:29:33 [notice] 1#1: start worker process 28
2024/04/18 08:29:33 [notice] 1#1: start worker process 29
2024/04/18 08:45:58 [notice] 1#1: signal 3 (SIGQUIT) received, shutting down
2024/04/18 08:45:58 [notice] 22#22: gracefully shutting down
2024/04/18 08:45:58 [notice] 23#23: gracefully shutting down
2024/04/18 08:45:58 [notice] 24#24: gracefully shutting down
2024/04/18 08:45:58 [notice] 26#26: gracefully shutting down
2024/04/18 08:45:58 [notice] 25#25: gracefully shutting down
2024/04/18 08:45:58 [notice] 29#29: gracefully shutting down
2024/04/18 08:45:58 [notice] 27#27: gracefully shutting down
2024/04/18 08:45:58 [notice] 27#27: exiting
2024/04/18 08:45:58 [notice] 28#28: gracefully shutting down
2024/04/18 08:45:58 [notice] 22#22: exiting
2024/04/18 08:45:58 [notice] 22#22: exit
2024/04/18 08:45:58 [notice] 23#23: exiting
2024/04/18 08:45:58 [notice] 24#24: exiting
2024/04/18 08:45:58 [notice] 26#26: exiting
2024/04/18 08:45:58 [notice] 24#24: exit
2024/04/18 08:45:58 [notice] 25#25: exiting
2024/04/18 08:45:58 [notice] 29#29: exiting
2024/04/18 08:45:58 [notice] 29#29: exit
2024/04/18 08:45:58 [notice] 27#27: exit
2024/04/18 08:45:58 [notice] 28#28: exiting
2024/04/18 08:45:58 [notice] 23#23: exit
2024/04/18 08:45:58 [notice] 26#26: exit
2024/04/18 08:45:58 [notice] 25#25: exit
2024/04/18 08:45:58 [notice] 28#28: exit
2024/04/18 08:45:58 [notice] 1#1: signal 3 (SIGQUIT) received, shutting down
2024/04/18 08:45:58 [notice] 22#22: gracefully shutting down
2024/04/18 08:45:58 [notice] 26#26: gracefully shutting down
2024/04/18 08:45:58 [notice] 23#23: gracefully shutting down
2024/04/18 08:45:58 [notice] 24#24: gracefully shutting down
2024/04/18 08:45:58 [notice] 24#24: exiting
2024/04/18 08:45:58 [notice] 25#25: gracefully shutting down
2024/04/18 08:45:58 [notice] 28#28: gracefully shutting down
2024/04/18 08:45:58 [notice] 22#22: exiting
2024/04/18 08:45:58 [notice] 27#27: gracefully shutting down
2024/04/18 08:45:58 [notice] 29#29: gracefully shutting down
2024/04/18 08:45:58 [notice] 29#29: exiting
2024/04/18 08:45:58 [notice] 26#26: exiting
2024/04/18 08:45:58 [notice] 23#23: exiting
2024/04/18 08:45:58 [notice] 24#24: exit
2024/04/18 08:45:58 [notice] 25#25: exiting
2024/04/18 08:45:58 [notice] 28#28: exiting
2024/04/18 08:45:58 [notice] 22#22: exit
2024/04/18 08:45:58 [notice] 27#27: exiting
2024/04/18 08:45:58 [notice] 29#29: exit
2024/04/18 08:45:58 [notice] 27#27: exit
2024/04/18 08:45:58 [notice] 26#26: exit
2024/04/18 08:45:58 [notice] 23#23: exit
2024/04/18 08:45:58 [notice] 25#25: exit
2024/04/18 08:45:58 [notice] 28#28: exit
2024/04/18 08:45:58 [notice] 1#1: signal 17 (SIGCHLD) received from 22
2024/04/18 08:45:58 [notice] 1#1: worker process 22 exited with code 0
2024/04/18 08:45:58 [notice] 1#1: signal 29 (SIGIO) received
2024/04/18 08:45:58 [notice] 1#1: signal 17 (SIGCHLD) received from 23
2024/04/18 08:45:58 [notice] 1#1: signal 17 (SIGCHLD) received from 28
2024/04/18 08:45:58 [notice] 1#1: worker process 23 exited with code 0
2024/04/18 08:45:58 [notice] 1#1: worker process 24 exited with code 0
2024/04/18 08:45:58 [notice] 1#1: worker process 24 exited with code 0
2024/04/18 08:45:58 [notice] 1#1: worker process 25 exited with code 0
2024/04/18 08:45:58 [notice] 1#1: worker process 26 exited with code 0
2024/04/18 08:45:58 [notice] 1#1: worker process 25 exited with code 0
2024/04/18 08:45:58 [notice] 1#1: worker process 27 exited with code 0
2024/04/18 08:45:58 [notice] 1#1: worker process 27 exited with code 0
2024/04/18 08:45:58 [notice] 1#1: worker process 28 exited with code 0
2024/04/18 08:45:58 [notice] 1#1: worker process 29 exited with code 0
2024/04/18 08:45:58 [notice] 1#1: worker process 29 exited with code 0
2024/04/18 08:45:58 [notice] 1#1: signal 29 (SIGIO) received
2024/04/18 08:45:58 [notice] 1#1: signal 29 (SIGIO) received
2024/04/18 08:45:58 [notice] 1#1: signal 17 (SIGCHLD) received from 24
2024/04/18 08:45:58 [notice] 1#1: signal 17 (SIGCHLD) received from 25
2024/04/18 08:45:58 [notice] 1#1: signal 17 (SIGCHLD) received from 26
2024/04/18 08:45:58 [notice] 1#1: worker process 26 exited with code 0
2024/04/18 08:45:58 [notice] 1#1: signal 29 (SIGIO) received
2024/04/18 08:45:58 [notice] 1#1: signal 17 (SIGCHLD) received from 22
2024/04/18 08:45:58 [notice] 1#1: signal 17 (SIGCHLD) received from 23
2024/04/18 08:45:58 [notice] 1#1: worker process 22 exited with code 0
2024/04/18 08:45:58 [notice] 1#1: worker process 23 exited with code 0
2024/04/18 08:45:58 [notice] 1#1: signal 29 (SIGIO) received
2024/04/18 08:45:58 [notice] 1#1: exit
2024/04/18 08:45:58 [notice] 1#1: signal 17 (SIGCHLD) received from 28
2024/04/18 08:45:58 [notice] 1#1: worker process 28 exited with code 0
2024/04/18 08:45:58 [notice] 1#1: exit
2024/04/18 08:46:16 [warn] 1#1: conflicting server name "localhost" on 0.0.0.0:80, ignored
2024/04/18 08:46:16 [notice] 1#1: using the "epoll" event method
2024/04/18 08:46:16 [notice] 1#1: nginx/1.25.4
2024/04/18 08:46:16 [notice] 1#1: built by gcc 12.2.1 20220924 (Alpine 12.2.1_git20220924-r10) 
2024/04/18 08:46:16 [notice] 1#1: OS: Linux 5.10.102.1-microsoft-standard-WSL2
2024/04/18 08:46:16 [notice] 1#1: getrlimit(RLIMIT_NOFILE): 1048576:1048576
2024/04/18 08:46:16 [notice] 1#1: start worker processes
2024/04/18 08:46:16 [notice] 1#1: start worker process 22
2024/04/18 08:46:16 [notice] 1#1: start worker process 23
2024/04/18 08:46:16 [notice] 1#1: start worker process 24
2024/04/18 08:46:16 [notice] 1#1: start worker process 25
2024/04/18 08:46:16 [notice] 1#1: start worker process 26
2024/04/18 08:46:16 [notice] 1#1: start worker process 27
2024/04/18 08:46:16 [notice] 1#1: start worker process 28
2024/04/18 08:46:16 [notice] 1#1: start worker process 29
2024/04/18 08:46:17 [warn] 1#1: conflicting server name "localhost" on 0.0.0.0:80, ignored
2024/04/18 08:46:17 [notice] 1#1: using the "epoll" event method
2024/04/18 08:46:17 [notice] 1#1: nginx/1.25.4
2024/04/18 08:46:17 [notice] 1#1: built by gcc 12.2.1 20220924 (Alpine 12.2.1_git20220924-r10) 
2024/04/18 08:46:17 [notice] 1#1: OS: Linux 5.10.102.1-microsoft-standard-WSL2
2024/04/18 08:46:17 [notice] 1#1: getrlimit(RLIMIT_NOFILE): 1048576:1048576
2024/04/18 08:46:17 [notice] 1#1: start worker processes
2024/04/18 08:46:17 [notice] 1#1: start worker process 21
2024/04/18 08:46:17 [notice] 1#1: start worker process 22
2024/04/18 08:46:17 [notice] 1#1: start worker process 23
2024/04/18 08:46:17 [notice] 1#1: start worker process 24
2024/04/18 08:46:17 [notice] 1#1: start worker process 25
2024/04/18 08:46:17 [notice] 1#1: start worker process 26
2024/04/18 08:46:17 [notice] 1#1: start worker process 27
2024/04/18 08:46:17 [notice] 1#1: start worker process 28
2024/04/18 08:54:28 [notice] 1#1: signal 3 (SIGQUIT) received, shutting down
2024/04/18 08:54:28 [notice] 22#22: gracefully shutting down
2024/04/18 08:54:28 [notice] 23#23: gracefully shutting down
2024/04/18 08:54:28 [notice] 26#26: gracefully shutting down
2024/04/18 08:54:28 [notice] 24#24: gracefully shutting down
2024/04/18 08:54:28 [notice] 25#25: gracefully shutting down
2024/04/18 08:54:28 [notice] 27#27: gracefully shutting down
2024/04/18 08:54:28 [notice] 28#28: gracefully shutting down
2024/04/18 08:54:28 [notice] 28#28: exiting
2024/04/18 08:54:28 [notice] 29#29: gracefully shutting down
2024/04/18 08:54:28 [notice] 22#22: exiting
2024/04/18 08:54:28 [notice] 23#23: exiting
2024/04/18 08:54:28 [notice] 26#26: exiting
2024/04/18 08:54:28 [notice] 24#24: exiting
2024/04/18 08:54:28 [notice] 24#24: exit
2024/04/18 08:54:28 [notice] 25#25: exiting
2024/04/18 08:54:28 [notice] 27#27: exiting
2024/04/18 08:54:28 [notice] 28#28: exit
2024/04/18 08:54:28 [notice] 27#27: exit
2024/04/18 08:54:28 [notice] 29#29: exiting
2024/04/18 08:54:28 [notice] 22#22: exit
2024/04/18 08:54:28 [notice] 23#23: exit
2024/04/18 08:54:28 [notice] 26#26: exit
2024/04/18 08:54:28 [notice] 25#25: exit
2024/04/18 08:54:28 [notice] 29#29: exit
2024/04/18 08:54:28 [notice] 1#1: signal 3 (SIGQUIT) received, shutting down
2024/04/18 08:54:28 [notice] 21#21: gracefully shutting down
2024/04/18 08:54:28 [notice] 28#28: gracefully shutting down
2024/04/18 08:54:28 [notice] 22#22: gracefully shutting down
2024/04/18 08:54:28 [notice] 23#23: gracefully shutting down
2024/04/18 08:54:28 [notice] 24#24: gracefully shutting down
2024/04/18 08:54:28 [notice] 25#25: gracefully shutting down
2024/04/18 08:54:28 [notice] 25#25: exiting
2024/04/18 08:54:28 [notice] 26#26: gracefully shutting down
2024/04/18 08:54:28 [notice] 27#27: gracefully shutting down
2024/04/18 08:54:28 [notice] 27#27: exiting
2024/04/18 08:54:28 [notice] 21#21: exiting
2024/04/18 08:54:28 [notice] 28#28: exiting
2024/04/18 08:54:28 [notice] 22#22: exiting
2024/04/18 08:54:28 [notice] 23#23: exiting
2024/04/18 08:54:28 [notice] 24#24: exiting
2024/04/18 08:54:28 [notice] 26#26: exiting
2024/04/18 08:54:28 [notice] 25#25: exit
2024/04/18 08:54:28 [notice] 26#26: exit
2024/04/18 08:54:28 [notice] 27#27: exit
2024/04/18 08:54:28 [notice] 21#21: exit
2024/04/18 08:54:28 [notice] 28#28: exit
2024/04/18 08:54:28 [notice] 22#22: exit
2024/04/18 08:54:28 [notice] 23#23: exit
2024/04/18 08:54:28 [notice] 24#24: exit
2024/04/18 08:54:28 [notice] 1#1: signal 17 (SIGCHLD) received from 29
2024/04/18 08:54:28 [notice] 1#1: worker process 22 exited with code 0
2024/04/18 08:54:28 [notice] 1#1: worker process 27 exited with code 0
2024/04/18 08:54:28 [notice] 1#1: worker process 29 exited with code 0
2024/04/18 08:54:28 [notice] 1#1: signal 29 (SIGIO) received
2024/04/18 08:54:28 [notice] 1#1: signal 17 (SIGCHLD) received from 27
2024/04/18 08:54:28 [notice] 1#1: signal 17 (SIGCHLD) received from 25
2024/04/18 08:54:28 [notice] 1#1: signal 17 (SIGCHLD) received from 23
2024/04/18 08:54:28 [notice] 1#1: worker process 23 exited with code 0
2024/04/18 08:54:28 [notice] 1#1: worker process 25 exited with code 0
2024/04/18 08:54:28 [notice] 1#1: worker process 28 exited with code 0
2024/04/18 08:54:28 [notice] 1#1: signal 29 (SIGIO) received
2024/04/18 08:54:28 [notice] 1#1: signal 29 (SIGIO) received
2024/04/18 08:54:28 [notice] 1#1: signal 17 (SIGCHLD) received from 26
2024/04/18 08:54:28 [notice] 1#1: signal 17 (SIGCHLD) received from 23
2024/04/18 08:54:28 [notice] 1#1: worker process 21 exited with code 0
2024/04/18 08:54:28 [notice] 1#1: worker process 23 exited with code 0
2024/04/18 08:54:28 [notice] 1#1: worker process 22 exited with code 0
2024/04/18 08:54:28 [notice] 1#1: worker process 24 exited with code 0
2024/04/18 08:54:28 [notice] 1#1: worker process 25 exited with code 0
2024/04/18 08:54:28 [notice] 1#1: worker process 26 exited with code 0
2024/04/18 08:54:28 [notice] 1#1: worker process 26 exited with code 0
2024/04/18 08:54:28 [notice] 1#1: exit
2024/04/18 08:54:28 [notice] 1#1: worker process 27 exited with code 0
2024/04/18 08:54:28 [notice] 1#1: worker process 28 exited with code 0
2024/04/18 08:54:28 [notice] 1#1: signal 29 (SIGIO) received
2024/04/18 08:54:28 [notice] 1#1: signal 17 (SIGCHLD) received from 21
2024/04/18 08:54:28 [notice] 1#1: signal 17 (SIGCHLD) received from 24
2024/04/18 08:54:28 [notice] 1#1: worker process 24 exited with code 0
2024/04/18 08:54:28 [notice] 1#1: exit
2024/04/18 08:58:48 [warn] 1#1: conflicting server name "localhost" on 0.0.0.0:80, ignored
2024/04/18 08:58:48 [notice] 1#1: using the "epoll" event method
2024/04/18 08:58:48 [notice] 1#1: nginx/1.25.4
2024/04/18 08:58:48 [notice] 1#1: built by gcc 12.2.1 20220924 (Alpine 12.2.1_git20220924-r10) 
2024/04/18 08:58:48 [notice] 1#1: OS: Linux 5.10.102.1-microsoft-standard-WSL2
2024/04/18 08:58:48 [notice] 1#1: getrlimit(RLIMIT_NOFILE): 1048576:1048576
2024/04/18 08:58:48 [notice] 1#1: start worker processes
2024/04/18 08:58:48 [notice] 1#1: start worker process 21
2024/04/18 08:58:48 [notice] 1#1: start worker process 22
2024/04/18 08:58:48 [notice] 1#1: start worker process 23
2024/04/18 08:58:48 [notice] 1#1: start worker process 24
2024/04/18 08:58:48 [notice] 1#1: start worker process 25
2024/04/18 08:58:48 [notice] 1#1: start worker process 26
2024/04/18 08:58:48 [notice] 1#1: start worker process 27
2024/04/18 08:58:48 [notice] 1#1: start worker process 28
2024/04/18 08:58:48 [warn] 1#1: conflicting server name "localhost" on 0.0.0.0:80, ignored
2024/04/18 08:58:48 [notice] 1#1: using the "epoll" event method
2024/04/18 08:58:48 [notice] 1#1: nginx/1.25.4
2024/04/18 08:58:48 [notice] 1#1: built by gcc 12.2.1 20220924 (Alpine 12.2.1_git20220924-r10) 
2024/04/18 08:58:48 [notice] 1#1: OS: Linux 5.10.102.1-microsoft-standard-WSL2
2024/04/18 08:58:48 [notice] 1#1: getrlimit(RLIMIT_NOFILE): 1048576:1048576
2024/04/18 08:58:48 [notice] 1#1: start worker processes
2024/04/18 08:58:48 [notice] 1#1: start worker process 22
2024/04/18 08:58:48 [notice] 1#1: start worker process 23
2024/04/18 08:58:48 [notice] 1#1: start worker process 24
2024/04/18 08:58:48 [notice] 1#1: start worker process 25
2024/04/18 08:58:48 [notice] 1#1: start worker process 26
2024/04/18 08:58:48 [notice] 1#1: start worker process 27
2024/04/18 08:58:48 [notice] 1#1: start worker process 28
2024/04/18 08:58:48 [notice] 1#1: start worker process 29
